2022-04-01 13:11:24.533981 [info]:  --------------Server Init!------------------
2022-04-01 13:11:24.533999 [info]:  Port:9006, OpenLinger: false
2022-04-01 13:11:24.534003 [info]:  Listen Mode: ET, OpenConn Mode: ET
2022-04-01 13:11:24.534006 [info]:  LogSys level: 0
2022-04-01 13:11:24.534009 [info]:  srcDir: /home/tau/MyTinyWebServer/bin/../resources/
2022-04-01 13:11:24.534013 [info]:  SqlConnPool num: 12, ThreadPool num: 6
2022-04-01 13:14:18.535817 [info]:  --------------Server Start!-------------
2022-04-01 19:08:31.578551 [info]:  --------------Server Init!------------------
2022-04-01 19:08:31.578584 [info]:  Port:9006, OpenLinger: false
2022-04-01 19:08:31.578592 [info]:  Listen Mode: ET, OpenConn Mode: ET
2022-04-01 19:08:31.578598 [info]:  LogSys level: 0
2022-04-01 19:08:31.578603 [info]:  srcDir: /home/tau/MyTinyWebServer/bin/../resources/
2022-04-01 19:15:22.234946 [info]:  --------------Server Init!------------------
2022-04-01 19:15:22.235023 [info]:  Port:9006, OpenLinger: false
2022-04-01 19:15:22.235091 [info]:  Listen Mode: ET, OpenConn Mode: ET
2022-04-01 19:15:22.235097 [info]:  LogSys level: 0
2022-04-01 19:15:22.235101 [info]:  srcDir: /home/tau/MyTinyWebServer/bin/../resources/
2022-04-01 19:15:22.235104 [info]:  SqlConnPool num: 12, ThreadPool num: 6
2022-04-01 19:44:49.152489 [info]:  --------------Server Init!------------------
2022-04-01 19:44:49.152514 [info]:  Port:9006, OpenLinger: false
2022-04-01 19:44:49.152521 [info]:  Listen Mode: ET, OpenConn Mode: ET
2022-04-01 19:44:49.152524 [info]:  LogSys level: 0
2022-04-01 19:44:49.152527 [info]:  srcDir: /home/tau/MyTinyWebServer/bin/../resources/
2022-04-01 19:44:49.152530 [info]:  SqlConnPool num: 12, ThreadPool num: 6
2022-04-01 19:44:59.066669 [info]:  --------------Server Start!-------------
2022-04-01 19:49:49.724789 [info]:  --------------Server Init!------------------
2022-04-01 19:49:49.724819 [info]:  Port:9006, OpenLinger: false
2022-04-01 19:49:49.724826 [info]:  Listen Mode: ET, OpenConn Mode: ET
2022-04-01 19:49:49.724830 [info]:  LogSys level: 0
2022-04-01 19:49:49.724950 [info]:  srcDir: /home/tau/MyTinyWebServer/bin/../resources/
2022-04-01 19:49:49.724973 [info]:  SqlConnPool num: 12, ThreadPool num: 6
